#
# There is insufficient memory for the Java Runtime Environment to continue.
# Native memory allocation (malloc) failed to allocate 32744 bytes for ChunkPool::allocate
# Possible reasons:
#   The system is out of physical RAM or swap space
#   The process is running with CompressedOops enabled, and the Java Heap may be blocking the growth of the native heap
# Possible solutions:
#   Reduce memory load on the system
#   Increase physical memory or swap space
#   Check if swap backing store is full
#   Decrease Java heap size (-Xmx/-Xms)
#   Decrease number of Java threads
#   Decrease Java thread stack sizes (-Xss)
#   Set larger code cache with -XX:ReservedCodeCacheSize=
#   JVM is running with Zero Based Compressed Oops mode in which the Java heap is
#     placed in the first 32GB address space. The Java Heap base address is the
#     maximum limit for the native heap growth. Please use -XX:HeapBaseMinAddress
#     to set the Java Heap base and to place the Java Heap above 32GB virtual address.
# This output file may be truncated or incomplete.
#
#  Out of Memory Error (t:/workspace/open/src/hotspot/share/memory/arena.cpp:81), pid=28376, tid=9344
#
# JRE version: Java(TM) SE Runtime Environment (11.0.6+8) (build 11.0.6+8-LTS)
# Java VM: Java HotSpot(TM) 64-Bit Server VM (11.0.6+8-LTS, mixed mode, tiered, compressed oops, g1 gc, windows-amd64)
# No core dump will be written. Minidumps are not enabled by default on client versions of Windows
#

---------------  S U M M A R Y ------------

Command Line: -Dcom.sun.management.jmxremote -Dcom.sun.management.jmxremote.port=65263 -Dcom.sun.management.jmxremote.authenticate=false -Dcom.sun.management.jmxremote.ssl=false -Djava.rmi.server.hostname=localhost -Dspring.jmx.enabled=true -Dspring.application.admin.enabled=true -Xverify:none -XX:TieredStopAtLevel=1 -Dspring.boot.project.name=spring-boot-backend-apirest -Dfile.encoding=UTF-8 com.taskApp.springboot.backend.apirest.SpringBootBackendApirestApplication

Host: Intel(R) Core(TM) i7-8665U CPU @ 1.90GHz, 8 cores, 15G,  Windows 10 , 64 bit Build 18362 (10.0.18362.329)
Time: Tue Feb 25 23:20:01 2020 Hora est. Pacífico, Sudamérica elapsed time: 16 seconds (0d 0h 0m 16s)

---------------  T H R E A D  ---------------

Current thread (0x000002209e56b800):  JavaThread "C1 CompilerThread0" daemon [_thread_in_native, id=9344, stack(0x0000003047d00000,0x0000003047e00000)]


Current CompileTask:
C1:  16781 7912   !   1       org.springframework.orm.jpa.JpaTransactionManager::doBegin (425 bytes)

Stack: [0x0000003047d00000,0x0000003047e00000]
Native frames: (J=compiled Java code, j=interpreted, Vv=VM code, C=native code)
V  [jvm.dll+0x63679a]
V  [jvm.dll+0x7755bf]
V  [jvm.dll+0x776c65]
V  [jvm.dll+0x7772d3]
V  [jvm.dll+0x25e7f8]
V  [jvm.dll+0xc1e3b]
V  [jvm.dll+0xc219c]
V  [jvm.dll+0x13008c]
V  [jvm.dll+0x13daf1]
V  [jvm.dll+0x141609]
V  [jvm.dll+0x141028]
V  [jvm.dll+0x1371c6]
V  [jvm.dll+0x139a87]
V  [jvm.dll+0x130c4b]
V  [jvm.dll+0x142f97]
V  [jvm.dll+0x142dd4]
V  [jvm.dll+0x12bb56]
V  [jvm.dll+0x12bed2]
V  [jvm.dll+0x12c1ff]
V  [jvm.dll+0x12b377]
V  [jvm.dll+0x12d417]
V  [jvm.dll+0x226544]
V  [jvm.dll+0x224b28]
V  [jvm.dll+0x73a9c5]
V  [jvm.dll+0x733905]
V  [jvm.dll+0x635846]
C  [ucrtbase.dll+0x20e72]
C  [KERNEL32.DLL+0x17bd4]
C  [ntdll.dll+0x6ced1]


---------------  P R O C E S S  ---------------

Threads class SMR info:
_java_thread_list=0x00000220a2a16bb0, length=35, elements={
0x000002209e502000, 0x000002209e50b000, 0x000002209e560800, 0x000002209e562800,
0x000002209e56b800, 0x000002209e57a800, 0x000002209e500800, 0x000002209e72b800,
0x000002209ed5a800, 0x000002209ed5b800, 0x000002209ed58800, 0x000002209ee04000,
0x000002209eeac800, 0x000002209eed1800, 0x00000220a0928800, 0x00000220a0929800,
0x00000220a091a000, 0x00000220a0918800, 0x00000220a091f000, 0x00000220a0919000,
0x00000220a091a800, 0x00000220a091d000, 0x00000220a091b800, 0x00000220a091e000,
0x00000220a298f000, 0x00000220a298f800, 0x00000220a2990800, 0x00000220a2992000,
0x00000220a298d800, 0x00000220a2991800, 0x00000220a2993000, 0x00000220a2994000,
0x00000220a298e000, 0x00000220a2998000, 0x00000220a2994800
}

Java Threads: ( => current thread )
  0x000002209e502000 JavaThread "Reference Handler" daemon [_thread_blocked, id=24128, stack(0x0000003047900000,0x0000003047a00000)]
  0x000002209e50b000 JavaThread "Finalizer" daemon [_thread_blocked, id=5080, stack(0x0000003047a00000,0x0000003047b00000)]
  0x000002209e560800 JavaThread "Signal Dispatcher" daemon [_thread_blocked, id=14552, stack(0x0000003047b00000,0x0000003047c00000)]
  0x000002209e562800 JavaThread "Attach Listener" daemon [_thread_blocked, id=11780, stack(0x0000003047c00000,0x0000003047d00000)]
=>0x000002209e56b800 JavaThread "C1 CompilerThread0" daemon [_thread_in_native, id=9344, stack(0x0000003047d00000,0x0000003047e00000)]
  0x000002209e57a800 JavaThread "Sweeper thread" daemon [_thread_blocked, id=27060, stack(0x0000003047e00000,0x0000003047f00000)]
  0x000002209e500800 JavaThread "Common-Cleaner" daemon [_thread_blocked, id=25828, stack(0x0000003047f00000,0x0000003048000000)]
  0x000002209e72b800 JavaThread "Service Thread" daemon [_thread_blocked, id=14708, stack(0x0000003048000000,0x0000003048100000)]
  0x000002209ed5a800 JavaThread "RMI TCP Accept-0" daemon [_thread_in_native, id=19076, stack(0x0000003048100000,0x0000003048200000)]
  0x000002209ed5b800 JavaThread "RMI TCP Accept-65263" daemon [_thread_in_native, id=1604, stack(0x0000003048200000,0x0000003048300000)]
  0x000002209ed58800 JavaThread "RMI TCP Accept-0" daemon [_thread_in_native, id=9264, stack(0x0000003048300000,0x0000003048400000)]
  0x000002209ee04000 JavaThread "RMI TCP Connection(1)-127.0.0.1" daemon [_thread_in_native, id=2744, stack(0x0000003048500000,0x0000003048600000)]
  0x000002209eeac800 JavaThread "RMI Scheduler(0)" daemon [_thread_blocked, id=1036, stack(0x0000003048600000,0x0000003048700000)]
  0x000002209eed1800 JavaThread "JMX server connection timeout 19" daemon [_thread_blocked, id=20100, stack(0x0000003048700000,0x0000003048800000)]
  0x00000220a0928800 JavaThread "Catalina-utility-1" [_thread_blocked, id=24892, stack(0x0000003048f00000,0x0000003049000000)]
  0x00000220a0929800 JavaThread "Catalina-utility-2" [_thread_blocked, id=8844, stack(0x0000003049300000,0x0000003049400000)]
  0x00000220a091a000 JavaThread "container-0" [_thread_blocked, id=19724, stack(0x0000003049400000,0x0000003049500000)]
  0x00000220a0918800 JavaThread "mysql-cj-abandoned-connection-cleanup" daemon [_thread_blocked, id=24492, stack(0x0000003049500000,0x0000003049600000)]
  0x00000220a091f000 JavaThread "HikariPool-1 housekeeper" daemon [_thread_blocked, id=26308, stack(0x0000003049700000,0x0000003049800000)]
  0x00000220a0919000 JavaThread "Live Reload Server" daemon [_thread_in_native, id=17700, stack(0x0000003049a00000,0x0000003049b00000)]
  0x00000220a091a800 JavaThread "File Watcher" daemon [_thread_blocked, id=28648, stack(0x0000003049900000,0x0000003049a00000)]
  0x00000220a091d000 JavaThread "http-nio-8080-BlockPoller" daemon [_thread_in_native, id=17296, stack(0x0000003049b00000,0x0000003049c00000)]
  0x00000220a091b800 JavaThread "http-nio-8080-exec-1" daemon [_thread_blocked, id=4076, stack(0x0000003049c00000,0x0000003049d00000)]
  0x00000220a091e000 JavaThread "http-nio-8080-exec-2" daemon [_thread_blocked, id=6760, stack(0x0000003049d00000,0x0000003049e00000)]
  0x00000220a298f000 JavaThread "http-nio-8080-exec-3" daemon [_thread_blocked, id=9036, stack(0x0000003049e00000,0x0000003049f00000)]
  0x00000220a298f800 JavaThread "http-nio-8080-exec-4" daemon [_thread_blocked, id=1496, stack(0x0000003049f00000,0x000000304a000000)]
  0x00000220a2990800 JavaThread "http-nio-8080-exec-5" daemon [_thread_blocked, id=16444, stack(0x000000304a000000,0x000000304a100000)]
  0x00000220a2992000 JavaThread "http-nio-8080-exec-6" daemon [_thread_blocked, id=26756, stack(0x000000304a100000,0x000000304a200000)]
  0x00000220a298d800 JavaThread "http-nio-8080-exec-7" daemon [_thread_blocked, id=10404, stack(0x000000304a200000,0x000000304a300000)]
  0x00000220a2991800 JavaThread "http-nio-8080-exec-8" daemon [_thread_blocked, id=20700, stack(0x000000304a300000,0x000000304a400000)]
  0x00000220a2993000 JavaThread "http-nio-8080-exec-9" daemon [_thread_blocked, id=20452, stack(0x000000304a400000,0x000000304a500000)]
  0x00000220a2994000 JavaThread "http-nio-8080-exec-10" daemon [_thread_blocked, id=25140, stack(0x000000304a500000,0x000000304a600000)]
  0x00000220a298e000 JavaThread "http-nio-8080-ClientPoller" daemon [_thread_in_native, id=25344, stack(0x000000304a600000,0x000000304a700000)]
  0x00000220a2998000 JavaThread "http-nio-8080-Acceptor" daemon [_thread_in_native, id=26388, stack(0x000000304a700000,0x000000304a800000)]
  0x00000220a2994800 JavaThread "DestroyJavaVM" [_thread_blocked, id=18096, stack(0x0000003047200000,0x0000003047300000)]

Other Threads:
  0x000002209dc57800 VMThread "VM Thread" [stack: 0x0000003047800000,0x0000003047900000] [id=5992]
  0x000002209ed4b000 WatcherThread [stack: 0x0000003048400000,0x0000003048500000] [id=18364]
  0x00000220f844a000 GCTaskThread "GC Thread#0" [stack: 0x0000003047300000,0x0000003047400000] [id=23308]
  0x000002209fcb0000 GCTaskThread "GC Thread#1" [stack: 0x0000003048800000,0x0000003048900000] [id=22664]
  0x000002209fcad800 GCTaskThread "GC Thread#2" [stack: 0x0000003048900000,0x0000003048a00000] [id=21464]
  0x000002209fcaf000 GCTaskThread "GC Thread#3" [stack: 0x0000003048a00000,0x0000003048b00000] [id=20956]
  0x000002209fcb1000 GCTaskThread "GC Thread#4" [stack: 0x0000003048b00000,0x0000003048c00000] [id=19408]
  0x000002209fcb0800 GCTaskThread "GC Thread#5" [stack: 0x0000003048c00000,0x0000003048d00000] [id=24716]
  0x000002209fcad000 GCTaskThread "GC Thread#6" [stack: 0x0000003049000000,0x0000003049100000] [id=14432]
  0x000002209fcac000 GCTaskThread "GC Thread#7" [stack: 0x0000003049100000,0x0000003049200000] [id=23408]
  0x00000220f84a8000 ConcurrentGCThread "G1 Main Marker" [stack: 0x0000003047400000,0x0000003047500000] [id=8760]
  0x00000220f84ad800 ConcurrentGCThread "G1 Conc#0" [stack: 0x0000003047500000,0x0000003047600000] [id=9568]
  0x000002209fcae800 ConcurrentGCThread "G1 Conc#1" [stack: 0x0000003049200000,0x0000003049300000] [id=9856]
  0x000002209db47800 ConcurrentGCThread "G1 Refine#0" [stack: 0x0000003047600000,0x0000003047700000] [id=7424]
  0x000002209db48800 ConcurrentGCThread "G1 Young RemSet Sampling" [stack: 0x0000003047700000,0x0000003047800000] [id=9356]

Threads with active compile tasks:
C1 CompilerThread07912   !   1       org.springframework.orm.jpa.JpaTransactionManager::doBegin (425 bytes)

VM state:not at safepoint (normal execution)

VM Mutex/Monitor currently owned by a thread: None

Heap address: 0x0000000702e00000, size: 4050 MB, Compressed Oops mode: Zero based, Oop shift amount: 3
Narrow klass base: 0x0000000800000000, Narrow klass shift: 0
Compressed class space size: 1073741824 Address: 0x0000000800000000

Heap:
 garbage-first heap   total 260096K, used 157403K [0x0000000702e00000, 0x0000000800000000)
  region size 1024K, 148 young (151552K), 17 survivors (17408K)
 Metaspace       used 64768K, capacity 66574K, committed 66816K, reserved 1107968K
  class space    used 8316K, capacity 9035K, committed 9036K, reserved 1048576K
Heap Regions: E=young(eden), S=young(survivor), O=old, HS=humongous(starts), HC=humongous(continues), CS=collection set, F=free, A=archive, TAMS=top-at-mark-start (previous, next)
|   0|0x0000000702e00000, 0x0000000702f00000, 0x0000000702f00000|100%|HS|  |TAMS 0x0000000702f00000, 0x0000000702e00000| Complete 
|   1|0x0000000702f00000, 0x0000000703000000, 0x0000000703000000|100%| O|  |TAMS 0x0000000703000000, 0x0000000702f00000| Untracked 
|   2|0x0000000703000000, 0x0000000703100000, 0x0000000703100000|100%| O|  |TAMS 0x0000000703100000, 0x0000000703000000| Untracked 
|   3|0x0000000703100000, 0x0000000703200000, 0x0000000703200000|100%| O|  |TAMS 0x0000000703200000, 0x0000000703100000| Untracked 
|   4|0x0000000703200000, 0x0000000703300000, 0x0000000703300000|100%| O|  |TAMS 0x0000000703300000, 0x0000000703200000| Untracked 
|   5|0x0000000703300000, 0x0000000703400000, 0x0000000703400000|100%| O|  |TAMS 0x0000000703400000, 0x0000000703300000| Untracked 
|   6|0x0000000703400000, 0x0000000703500000, 0x0000000703500000|100%| O|  |TAMS 0x0000000703500000, 0x0000000703400000| Untracked 
|   7|0x0000000703500000, 0x0000000703533200, 0x0000000703600000| 19%| O|  |TAMS 0x0000000703533200, 0x0000000703500000| Untracked 
|   8|0x0000000703600000, 0x0000000703600000, 0x0000000703700000|  0%| F|  |TAMS 0x0000000703600000, 0x0000000703600000| Untracked 
|   9|0x0000000703700000, 0x0000000703700000, 0x0000000703800000|  0%| F|  |TAMS 0x0000000703700000, 0x0000000703700000| Untracked 
|  10|0x0000000703800000, 0x0000000703800000, 0x0000000703900000|  0%| F|  |TAMS 0x0000000703800000, 0x0000000703800000| Untracked 
|  11|0x0000000703900000, 0x0000000703900000, 0x0000000703a00000|  0%| F|  |TAMS 0x0000000703900000, 0x0000000703900000| Untracked 
|  12|0x0000000703a00000, 0x0000000703a00000, 0x0000000703b00000|  0%| F|  |TAMS 0x0000000703a00000, 0x0000000703a00000| Untracked 
|  13|0x0000000703b00000, 0x0000000703b00000, 0x0000000703c00000|  0%| F|  |TAMS 0x0000000703b00000, 0x0000000703b00000| Untracked 
|  14|0x0000000703c00000, 0x0000000703c00000, 0x0000000703d00000|  0%| F|  |TAMS 0x0000000703c00000, 0x0000000703c00000| Untracked 
|  15|0x0000000703d00000, 0x0000000703d00000, 0x0000000703e00000|  0%| F|  |TAMS 0x0000000703d00000, 0x0000000703d00000| Untracked 
|  16|0x0000000703e00000, 0x0000000703e00000, 0x0000000703f00000|  0%| F|  |TAMS 0x0000000703e00000, 0x0000000703e00000| Untracked 
|  17|0x0000000703f00000, 0x0000000703f00000, 0x0000000704000000|  0%| F|  |TAMS 0x0000000703f00000, 0x0000000703f00000| Untracked 
|  18|0x0000000704000000, 0x0000000704000000, 0x0000000704100000|  0%| F|  |TAMS 0x0000000704000000, 0x0000000704000000| Untracked 
|  19|0x0000000704100000, 0x0000000704100000, 0x0000000704200000|  0%| F|  |TAMS 0x0000000704100000, 0x0000000704100000| Untracked 
|  20|0x0000000704200000, 0x0000000704200000, 0x0000000704300000|  0%| F|  |TAMS 0x0000000704200000, 0x0000000704200000| Untracked 
|  21|0x0000000704300000, 0x0000000704300000, 0x0000000704400000|  0%| F|  |TAMS 0x0000000704300000, 0x0000000704300000| Untracked 
|  22|0x0000000704400000, 0x0000000704400000, 0x0000000704500000|  0%| F|  |TAMS 0x0000000704400000, 0x0000000704400000| Untracked 
|  23|0x0000000704500000, 0x0000000704500000, 0x0000000704600000|  0%| F|  |TAMS 0x0000000704500000, 0x0000000704500000| Untracked 
|  24|0x0000000704600000, 0x0000000704600000, 0x0000000704700000|  0%| F|  |TAMS 0x0000000704600000, 0x0000000704600000| Untracked 
|  25|0x0000000704700000, 0x0000000704700000, 0x0000000704800000|  0%| F|  |TAMS 0x0000000704700000, 0x0000000704700000| Untracked 
|  26|0x0000000704800000, 0x0000000704800000, 0x0000000704900000|  0%| F|  |TAMS 0x0000000704800000, 0x0000000704800000| Untracked 
|  27|0x0000000704900000, 0x0000000704900000, 0x0000000704a00000|  0%| F|  |TAMS 0x0000000704900000, 0x0000000704900000| Untracked 
|  28|0x0000000704a00000, 0x0000000704a00000, 0x0000000704b00000|  0%| F|  |TAMS 0x0000000704a00000, 0x0000000704a00000| Untracked 
|  29|0x0000000704b00000, 0x0000000704b00000, 0x0000000704c00000|  0%| F|  |TAMS 0x0000000704b00000, 0x0000000704b00000| Untracked 
|  30|0x0000000704c00000, 0x0000000704c00000, 0x0000000704d00000|  0%| F|  |TAMS 0x0000000704c00000, 0x0000000704c00000| Untracked 
|  31|0x0000000704d00000, 0x0000000704d00000, 0x0000000704e00000|  0%| F|  |TAMS 0x0000000704d00000, 0x0000000704d00000| Untracked 
|  32|0x0000000704e00000, 0x0000000704e00000, 0x0000000704f00000|  0%| F|  |TAMS 0x0000000704e00000, 0x0000000704e00000| Untracked 
|  33|0x0000000704f00000, 0x0000000704f00000, 0x0000000705000000|  0%| F|  |TAMS 0x0000000704f00000, 0x0000000704f00000| Untracked 
|  34|0x0000000705000000, 0x0000000705000000, 0x0000000705100000|  0%| F|  |TAMS 0x0000000705000000, 0x0000000705000000| Untracked 
|  35|0x0000000705100000, 0x0000000705100000, 0x0000000705200000|  0%| F|  |TAMS 0x0000000705100000, 0x0000000705100000| Untracked 
|  36|0x0000000705200000, 0x0000000705200000, 0x0000000705300000|  0%| F|  |TAMS 0x0000000705200000, 0x0000000705200000| Untracked 
|  37|0x0000000705300000, 0x0000000705300000, 0x0000000705400000|  0%| F|  |TAMS 0x0000000705300000, 0x0000000705300000| Untracked 
|  38|0x0000000705400000, 0x0000000705400000, 0x0000000705500000|  0%| F|  |TAMS 0x0000000705400000, 0x0000000705400000| Untracked 
|  39|0x0000000705500000, 0x0000000705500000, 0x0000000705600000|  0%| F|  |TAMS 0x0000000705500000, 0x0000000705500000| Untracked 
|  40|0x0000000705600000, 0x0000000705600000, 0x0000000705700000|  0%| F|  |TAMS 0x0000000705600000, 0x0000000705600000| Untracked 
|  41|0x0000000705700000, 0x0000000705700000, 0x0000000705800000|  0%| F|  |TAMS 0x0000000705700000, 0x0000000705700000| Untracked 
|  42|0x0000000705800000, 0x0000000705800000, 0x0000000705900000|  0%| F|  |TAMS 0x0000000705800000, 0x0000000705800000| Untracked 
|  43|0x0000000705900000, 0x0000000705900000, 0x0000000705a00000|  0%| F|  |TAMS 0x0000000705900000, 0x0000000705900000| Untracked 
|  44|0x0000000705a00000, 0x0000000705a00000, 0x0000000705b00000|  0%| F|  |TAMS 0x0000000705a00000, 0x0000000705a00000| Untracked 
|  45|0x0000000705b00000, 0x0000000705b00000, 0x0000000705c00000|  0%| F|  |TAMS 0x0000000705b00000, 0x0000000705b00000| Untracked 
|  46|0x0000000705c00000, 0x0000000705c00000, 0x0000000705d00000|  0%| F|  |TAMS 0x0000000705c00000, 0x0000000705c00000| Untracked 
|  47|0x0000000705d00000, 0x0000000705d00000, 0x0000000705e00000|  0%| F|  |TAMS 0x0000000705d00000, 0x0000000705d00000| Untracked 
|  48|0x0000000705e00000, 0x0000000705e00000, 0x0000000705f00000|  0%| F|  |TAMS 0x0000000705e00000, 0x0000000705e00000| Untracked 
|  49|0x0000000705f00000, 0x0000000705f00000, 0x0000000706000000|  0%| F|  |TAMS 0x0000000705f00000, 0x0000000705f00000| Untracked 
|  50|0x0000000706000000, 0x0000000706000000, 0x0000000706100000|  0%| F|  |TAMS 0x0000000706000000, 0x0000000706000000| Untracked 
|  51|0x0000000706100000, 0x0000000706100000, 0x0000000706200000|  0%| F|  |TAMS 0x0000000706100000, 0x0000000706100000| Untracked 
|  52|0x0000000706200000, 0x0000000706200000, 0x0000000706300000|  0%| F|  |TAMS 0x0000000706200000, 0x0000000706200000| Untracked 
|  53|0x0000000706300000, 0x0000000706300000, 0x0000000706400000|  0%| F|  |TAMS 0x0000000706300000, 0x0000000706300000| Untracked 
|  54|0x0000000706400000, 0x0000000706400000, 0x0000000706500000|  0%| F|  |TAMS 0x0000000706400000, 0x0000000706400000| Untracked 
|  55|0x0000000706500000, 0x0000000706500000, 0x0000000706600000|  0%| F|  |TAMS 0x0000000706500000, 0x0000000706500000| Untracked 
|  56|0x0000000706600000, 0x0000000706600000, 0x0000000706700000|  0%| F|  |TAMS 0x0000000706600000, 0x0000000706600000| Untracked 
|  57|0x0000000706700000, 0x0000000706700000, 0x0000000706800000|  0%| F|  |TAMS 0x0000000706700000, 0x0000000706700000| Untracked 
|  58|0x0000000706800000, 0x0000000706800000, 0x0000000706900000|  0%| F|  |TAMS 0x0000000706800000, 0x0000000706800000| Untracked 
|  59|0x0000000706900000, 0x0000000706900000, 0x0000000706a00000|  0%| F|  |TAMS 0x0000000706900000, 0x0000000706900000| Untracked 
|  60|0x0000000706a00000, 0x0000000706a00000, 0x0000000706b00000|  0%| F|  |TAMS 0x0000000706a00000, 0x0000000706a00000| Untracked 
|  61|0x0000000706b00000, 0x0000000706b00000, 0x0000000706c00000|  0%| F|  |TAMS 0x0000000706b00000, 0x0000000706b00000| Untracked 
|  62|0x0000000706c00000, 0x0000000706c00000, 0x0000000706d00000|  0%| F|  |TAMS 0x0000000706c00000, 0x0000000706c00000| Untracked 
|  63|0x0000000706d00000, 0x0000000706d00000, 0x0000000706e00000|  0%| F|  |TAMS 0x0000000706d00000, 0x0000000706d00000| Untracked 
|  64|0x0000000706e00000, 0x0000000706e00000, 0x0000000706f00000|  0%| F|  |TAMS 0x0000000706e00000, 0x0000000706e00000| Untracked 
|  65|0x0000000706f00000, 0x0000000706f00000, 0x0000000707000000|  0%| F|  |TAMS 0x0000000706f00000, 0x0000000706f00000| Untracked 
|  66|0x0000000707000000, 0x0000000707000000, 0x0000000707100000|  0%| F|  |TAMS 0x0000000707000000, 0x0000000707000000| Untracked 
|  67|0x0000000707100000, 0x0000000707100000, 0x0000000707200000|  0%| F|  |TAMS 0x0000000707100000, 0x0000000707100000| Untracked 
|  68|0x0000000707200000, 0x0000000707200000, 0x0000000707300000|  0%| F|  |TAMS 0x0000000707200000, 0x0000000707200000| Untracked 
|  69|0x0000000707300000, 0x0000000707300000, 0x0000000707400000|  0%| F|  |TAMS 0x0000000707300000, 0x0000000707300000| Untracked 
|  70|0x0000000707400000, 0x0000000707400000, 0x0000000707500000|  0%| F|  |TAMS 0x0000000707400000, 0x0000000707400000| Untracked 
|  71|0x0000000707500000, 0x0000000707500000, 0x0000000707600000|  0%| F|  |TAMS 0x0000000707500000, 0x0000000707500000| Untracked 
|  72|0x0000000707600000, 0x0000000707600000, 0x0000000707700000|  0%| F|  |TAMS 0x0000000707600000, 0x0000000707600000| Untracked 
|  73|0x0000000707700000, 0x0000000707700000, 0x0000000707800000|  0%| F|  |TAMS 0x0000000707700000, 0x0000000707700000| Untracked 
|  74|0x0000000707800000, 0x0000000707800000, 0x0000000707900000|  0%| F|  |TAMS 0x0000000707800000, 0x0000000707800000| Untracked 
|  75|0x0000000707900000, 0x0000000707900000, 0x0000000707a00000|  0%| F|  |TAMS 0x0000000707900000, 0x0000000707900000| Untracked 
|  76|0x0000000707a00000, 0x0000000707a00000, 0x0000000707b00000|  0%| F|  |TAMS 0x0000000707a00000, 0x0000000707a00000| Untracked 
|  77|0x0000000707b00000, 0x0000000707b00000, 0x0000000707c00000|  0%| F|  |TAMS 0x0000000707b00000, 0x0000000707b00000| Untracked 
|  78|0x0000000707c00000, 0x0000000707c00000, 0x0000000707d00000|  0%| F|  |TAMS 0x0000000707c00000, 0x0000000707c00000| Untracked 
|  79|0x0000000707d00000, 0x0000000707d00000, 0x0000000707e00000|  0%| F|  |TAMS 0x0000000707d00000, 0x0000000707d00000| Untracked 
|  80|0x0000000707e00000, 0x0000000707e00000, 0x0000000707f00000|  0%| F|  |TAMS 0x0000000707e00000, 0x0000000707e00000| Untracked 
|  81|0x0000000707f00000, 0x0000000707f00000, 0x0000000708000000|  0%| F|  |TAMS 0x0000000707f00000, 0x0000000707f00000| Untracked 
|  82|0x0000000708000000, 0x0000000708000000, 0x0000000708100000|  0%| F|  |TAMS 0x0000000708000000, 0x0000000708000000| Untracked 
|  83|0x0000000708100000, 0x0000000708100000, 0x0000000708200000|  0%| F|  |TAMS 0x0000000708100000, 0x0000000708100000| Untracked 
|  84|0x0000000708200000, 0x0000000708200000, 0x0000000708300000|  0%| F|  |TAMS 0x0000000708200000, 0x0000000708200000| Untracked 
|  85|0x0000000708300000, 0x0000000708300000, 0x0000000708400000|  0%| F|  |TAMS 0x0000000708300000, 0x0000000708300000| Untracked 
|  86|0x0000000708400000, 0x0000000708400000, 0x0000000708500000|  0%| F|  |TAMS 0x0000000708400000, 0x0000000708400000| Untracked 
|  87|0x0000000708500000, 0x0000000708500000, 0x0000000708600000|  0%| F|  |TAMS 0x0000000708500000, 0x0000000708500000| Untracked 
|  88|0x0000000708600000, 0x0000000708600000, 0x0000000708700000|  0%| F|  |TAMS 0x0000000708600000, 0x0000000708600000| Untracked 
|  89|0x0000000708700000, 0x0000000708700000, 0x0000000708800000|  0%| F|  |TAMS 0x0000000708700000, 0x0000000708700000| Untracked 
|  90|0x0000000708800000, 0x0000000708800000, 0x0000000708900000|  0%| F|  |TAMS 0x0000000708800000, 0x0000000708800000| Untracked 
|  91|0x0000000708900000, 0x0000000708900000, 0x0000000708a00000|  0%| F|  |TAMS 0x0000000708900000, 0x0000000708900000| Untracked 
|  92|0x0000000708a00000, 0x0000000708a00000, 0x0000000708b00000|  0%| F|  |TAMS 0x0000000708a00000, 0x0000000708a00000| Untracked 
|  93|0x0000000708b00000, 0x0000000708b00000, 0x0000000708c00000|  0%| F|  |TAMS 0x0000000708b00000, 0x0000000708b00000| Untracked 
|  94|0x0000000708c00000, 0x0000000708c00000, 0x0000000708d00000|  0%| F|  |TAMS 0x0000000708c00000, 0x0000000708c00000| Untracked 
|  95|0x0000000708d00000, 0x0000000708d00000, 0x0000000708e00000|  0%| F|  |TAMS 0x0000000708d00000, 0x0000000708d00000| Untracked 
|  96|0x0000000708e00000, 0x0000000708e83da8, 0x0000000708f00000| 51%| S|CS|TAMS 0x0000000708e00000, 0x0000000708e00000| Complete 
|  97|0x0000000708f00000, 0x0000000709000000, 0x0000000709000000|100%| S|CS|TAMS 0x0000000708f00000, 0x0000000708f00000| Complete 
|  98|0x0000000709000000, 0x0000000709100000, 0x0000000709100000|100%| S|CS|TAMS 0x0000000709000000, 0x0000000709000000| Complete 
|  99|0x0000000709100000, 0x0000000709200000, 0x0000000709200000|100%| S|CS|TAMS 0x0000000709100000, 0x0000000709100000| Complete 
| 100|0x0000000709200000, 0x0000000709300000, 0x0000000709300000|100%| S|CS|TAMS 0x0000000709200000, 0x0000000709200000| Complete 
| 101|0x0000000709300000, 0x0000000709400000, 0x0000000709400000|100%| S|CS|TAMS 0x0000000709300000, 0x0000000709300000| Complete 
| 102|0x0000000709400000, 0x0000000709500000, 0x0000000709500000|100%| S|CS|TAMS 0x0000000709400000, 0x0000000709400000| Complete 
| 103|0x0000000709500000, 0x0000000709600000, 0x0000000709600000|100%| S|CS|TAMS 0x0000000709500000, 0x0000000709500000| Complete 
| 104|0x0000000709600000, 0x0000000709700000, 0x0000000709700000|100%| S|CS|TAMS 0x0000000709600000, 0x0000000709600000| Complete 
| 105|0x0000000709700000, 0x0000000709800000, 0x0000000709800000|100%| S|CS|TAMS 0x0000000709700000, 0x0000000709700000| Complete 
| 106|0x0000000709800000, 0x0000000709900000, 0x0000000709900000|100%| S|CS|TAMS 0x0000000709800000, 0x0000000709800000| Complete 
| 107|0x0000000709900000, 0x0000000709a00000, 0x0000000709a00000|100%| S|CS|TAMS 0x0000000709900000, 0x0000000709900000| Complete 
| 108|0x0000000709a00000, 0x0000000709b00000, 0x0000000709b00000|100%| S|CS|TAMS 0x0000000709a00000, 0x0000000709a00000| Complete 
| 109|0x0000000709b00000, 0x0000000709c00000, 0x0000000709c00000|100%| S|CS|TAMS 0x0000000709b00000, 0x0000000709b00000| Complete 
| 110|0x0000000709c00000, 0x0000000709d00000, 0x0000000709d00000|100%| S|CS|TAMS 0x0000000709c00000, 0x0000000709c00000| Complete 
| 111|0x0000000709d00000, 0x0000000709e00000, 0x0000000709e00000|100%| S|CS|TAMS 0x0000000709d00000, 0x0000000709d00000| Complete 
| 112|0x0000000709e00000, 0x0000000709f00000, 0x0000000709f00000|100%| S|CS|TAMS 0x0000000709e00000, 0x0000000709e00000| Complete 
| 113|0x0000000709f00000, 0x0000000709f00000, 0x000000070a000000|  0%| F|  |TAMS 0x0000000709f00000, 0x0000000709f00000| Untracked 
| 114|0x000000070a000000, 0x000000070a000000, 0x000000070a100000|  0%| F|  |TAMS 0x000000070a000000, 0x000000070a000000| Untracked 
| 115|0x000000070a100000, 0x000000070a100000, 0x000000070a200000|  0%| F|  |TAMS 0x000000070a100000, 0x000000070a100000| Untracked 
| 116|0x000000070a200000, 0x000000070a200000, 0x000000070a300000|  0%| F|  |TAMS 0x000000070a200000, 0x000000070a200000| Untracked 
| 117|0x000000070a300000, 0x000000070a300000, 0x000000070a400000|  0%| F|  |TAMS 0x000000070a300000, 0x000000070a300000| Untracked 
| 118|0x000000070a400000, 0x000000070a400000, 0x000000070a500000|  0%| F|  |TAMS 0x000000070a400000, 0x000000070a400000| Untracked 
| 119|0x000000070a500000, 0x000000070a500000, 0x000000070a600000|  0%| F|  |TAMS 0x000000070a500000, 0x000000070a500000| Untracked 
| 120|0x000000070a600000, 0x000000070a600000, 0x000000070a700000|  0%| F|  |TAMS 0x000000070a600000, 0x000000070a600000| Untracked 
| 121|0x000000070a700000, 0x000000070a700000, 0x000000070a800000|  0%| F|  |TAMS 0x000000070a700000, 0x000000070a700000| Untracked 
| 122|0x000000070a800000, 0x000000070a800000, 0x000000070a900000|  0%| F|  |TAMS 0x000000070a800000, 0x000000070a800000| Untracked 
| 123|0x000000070a900000, 0x000000070a973b70, 0x000000070aa00000| 45%| E|  |TAMS 0x000000070a900000, 0x000000070a900000| Complete 
| 124|0x000000070aa00000, 0x000000070ab00000, 0x000000070ab00000|100%| E|CS|TAMS 0x000000070aa00000, 0x000000070aa00000| Complete 
| 125|0x000000070ab00000, 0x000000070ac00000, 0x000000070ac00000|100%| E|CS|TAMS 0x000000070ab00000, 0x000000070ab00000| Complete 
| 126|0x000000070ac00000, 0x000000070ad00000, 0x000000070ad00000|100%| E|CS|TAMS 0x000000070ac00000, 0x000000070ac00000| Complete 
| 127|0x000000070ad00000, 0x000000070ae00000, 0x000000070ae00000|100%| E|CS|TAMS 0x000000070ad00000, 0x000000070ad00000| Complete 
| 128|0x000000070ae00000, 0x000000070af00000, 0x000000070af00000|100%| E|CS|TAMS 0x000000070ae00000, 0x000000070ae00000| Complete 
| 129|0x000000070af00000, 0x000000070b000000, 0x000000070b000000|100%| E|CS|TAMS 0x000000070af00000, 0x000000070af00000| Complete 
| 130|0x000000070b000000, 0x000000070b100000, 0x000000070b100000|100%| E|CS|TAMS 0x000000070b000000, 0x000000070b000000| Complete 
| 131|0x000000070b100000, 0x000000070b200000, 0x000000070b200000|100%| E|CS|TAMS 0x000000070b100000, 0x000000070b100000| Complete 
| 132|0x000000070b200000, 0x000000070b300000, 0x000000070b300000|100%| E|CS|TAMS 0x000000070b200000, 0x000000070b200000| Complete 
| 133|0x000000070b300000, 0x000000070b400000, 0x000000070b400000|100%| E|CS|TAMS 0x000000070b300000, 0x000000070b300000| Complete 
| 134|0x000000070b400000, 0x000000070b500000, 0x000000070b500000|100%| E|CS|TAMS 0x000000070b400000, 0x000000070b400000| Complete 
| 135|0x000000070b500000, 0x000000070b600000, 0x000000070b600000|100%| E|CS|TAMS 0x000000070b500000, 0x000000070b500000| Complete 
| 136|0x000000070b600000, 0x000000070b700000, 0x000000070b700000|100%| E|CS|TAMS 0x000000070b600000, 0x000000070b600000| Complete 
| 137|0x000000070b700000, 0x000000070b800000, 0x000000070b800000|100%| E|CS|TAMS 0x000000070b700000, 0x000000070b700000| Complete 
| 138|0x000000070b800000, 0x000000070b900000, 0x000000070b900000|100%| E|CS|TAMS 0x000000070b800000, 0x000000070b800000| Complete 
| 139|0x000000070b900000, 0x000000070ba00000, 0x000000070ba00000|100%| E|CS|TAMS 0x000000070b900000, 0x000000070b900000| Complete 
| 140|0x000000070ba00000, 0x000000070bb00000, 0x000000070bb00000|100%| E|CS|TAMS 0x000000070ba00000, 0x000000070ba00000| Complete 
| 141|0x000000070bb00000, 0x000000070bc00000, 0x000000070bc00000|100%| E|CS|TAMS 0x000000070bb00000, 0x000000070bb00000| Complete 
| 142|0x000000070bc00000, 0x000000070bd00000, 0x000000070bd00000|100%| E|CS|TAMS 0x000000070bc00000, 0x000000070bc00000| Complete 
| 143|0x000000070bd00000, 0x000000070be00000, 0x000000070be00000|100%| E|CS|TAMS 0x000000070bd00000, 0x000000070bd00000| Complete 
| 144|0x000000070be00000, 0x000000070bf00000, 0x000000070bf00000|100%| E|CS|TAMS 0x000000070be00000, 0x000000070be00000| Complete 
| 145|0x000000070bf00000, 0x000000070c000000, 0x000000070c000000|100%| E|CS|TAMS 0x000000070bf00000, 0x000000070bf00000| Complete 
| 146|0x000000070c000000, 0x000000070c100000, 0x000000070c100000|100%| E|CS|TAMS 0x000000070c000000, 0x000000070c000000| Complete 
| 147|0x000000070c100000, 0x000000070c200000, 0x000000070c200000|100%| E|CS|TAMS 0x000000070c100000, 0x000000070c100000| Complete 
| 148|0x000000070c200000, 0x000000070c300000, 0x000000070c300000|100%| E|CS|TAMS 0x000000070c200000, 0x000000070c200000| Complete 
| 149|0x000000070c300000, 0x000000070c400000, 0x000000070c400000|100%| E|CS|TAMS 0x000000070c300000, 0x000000070c300000| Complete 
| 150|0x000000070c400000, 0x000000070c500000, 0x000000070c500000|100%| E|CS|TAMS 0x000000070c400000, 0x000000070c400000| Complete 
| 151|0x000000070c500000, 0x000000070c600000, 0x000000070c600000|100%| E|CS|TAMS 0x000000070c500000, 0x000000070c500000| Complete 
| 152|0x000000070c600000, 0x000000070c700000, 0x000000070c700000|100%| E|CS|TAMS 0x000000070c600000, 0x000000070c600000| Complete 
| 153|0x000000070c700000, 0x000000070c800000, 0x000000070c800000|100%| E|CS|TAMS 0x000000070c700000, 0x000000070c700000| Complete 
| 154|0x000000070c800000, 0x000000070c900000, 0x000000070c900000|100%| E|CS|TAMS 0x000000070c800000, 0x000000070c800000| Complete 
| 155|0x000000070c900000, 0x000000070ca00000, 0x000000070ca00000|100%| E|CS|TAMS 0x000000070c900000, 0x000000070c900000| Complete 
| 156|0x000000070ca00000, 0x000000070cb00000, 0x000000070cb00000|100%| E|CS|TAMS 0x000000070ca00000, 0x000000070ca00000| Complete 
| 157|0x000000070cb00000, 0x000000070cc00000, 0x000000070cc00000|100%| E|CS|TAMS 0x000000070cb00000, 0x000000070cb00000| Complete 
| 158|0x000000070cc00000, 0x000000070cd00000, 0x000000070cd00000|100%| E|CS|TAMS 0x000000070cc00000, 0x000000070cc00000| Complete 
| 159|0x000000070cd00000, 0x000000070ce00000, 0x000000070ce00000|100%| E|CS|TAMS 0x000000070cd00000, 0x000000070cd00000| Complete 
| 160|0x000000070ce00000, 0x000000070cf00000, 0x000000070cf00000|100%| E|CS|TAMS 0x000000070ce00000, 0x000000070ce00000| Complete 
| 161|0x000000070cf00000, 0x000000070d000000, 0x000000070d000000|100%| E|CS|TAMS 0x000000070cf00000, 0x000000070cf00000| Complete 
| 162|0x000000070d000000, 0x000000070d100000, 0x000000070d100000|100%| E|CS|TAMS 0x000000070d000000, 0x000000070d000000| Complete 
| 163|0x000000070d100000, 0x000000070d200000, 0x000000070d200000|100%| E|CS|TAMS 0x000000070d100000, 0x000000070d100000| Complete 
| 164|0x000000070d200000, 0x000000070d300000, 0x000000070d300000|100%| E|CS|TAMS 0x000000070d200000, 0x000000070d200000| Complete 
| 165|0x000000070d300000, 0x000000070d400000, 0x000000070d400000|100%| E|CS|TAMS 0x000000070d300000, 0x000000070d300000| Complete 
| 166|0x000000070d400000, 0x000000070d500000, 0x000000070d500000|100%| E|CS|TAMS 0x000000070d400000, 0x000000070d400000| Complete 
| 167|0x000000070d500000, 0x000000070d600000, 0x000000070d600000|100%| E|CS|TAMS 0x000000070d500000, 0x000000070d500000| Complete 
| 168|0x000000070d600000, 0x000000070d700000, 0x000000070d700000|100%| E|CS|TAMS 0x000000070d600000, 0x000000070d600000| Complete 
| 169|0x000000070d700000, 0x000000070d800000, 0x000000070d800000|100%| E|CS|TAMS 0x000000070d700000, 0x000000070d700000| Complete 
| 170|0x000000070d800000, 0x000000070d900000, 0x000000070d900000|100%| E|CS|TAMS 0x000000070d800000, 0x000000070d800000| Complete 
| 171|0x000000070d900000, 0x000000070da00000, 0x000000070da00000|100%| E|CS|TAMS 0x000000070d900000, 0x000000070d900000| Complete 
| 172|0x000000070da00000, 0x000000070db00000, 0x000000070db00000|100%| E|CS|TAMS 0x000000070da00000, 0x000000070da00000| Complete 
| 173|0x000000070db00000, 0x000000070dc00000, 0x000000070dc00000|100%| E|CS|TAMS 0x000000070db00000, 0x000000070db00000| Complete 
| 174|0x000000070dc00000, 0x000000070dd00000, 0x000000070dd00000|100%| E|CS|TAMS 0x000000070dc00000, 0x000000070dc00000| Complete 
| 175|0x000000070dd00000, 0x000000070de00000, 0x000000070de00000|100%| E|CS|TAMS 0x000000070dd00000, 0x000000070dd00000| Complete 
| 176|0x000000070de00000, 0x000000070df00000, 0x000000070df00000|100%| E|CS|TAMS 0x000000070de00000, 0x000000070de00000| Complete 
| 177|0x000000070df00000, 0x000000070e000000, 0x000000070e000000|100%| E|CS|TAMS 0x000000070df00000, 0x000000070df00000| Complete 
| 178|0x000000070e000000, 0x000000070e100000, 0x000000070e100000|100%| E|CS|TAMS 0x000000070e000000, 0x000000070e000000| Complete 
| 179|0x000000070e100000, 0x000000070e200000, 0x000000070e200000|100%| E|CS|TAMS 0x000000070e100000, 0x000000070e100000| Complete 
| 180|0x000000070e200000, 0x000000070e300000, 0x000000070e300000|100%| E|CS|TAMS 0x000000070e200000, 0x000000070e200000| Complete 
| 181|0x000000070e300000, 0x000000070e400000, 0x000000070e400000|100%| E|CS|TAMS 0x000000070e300000, 0x000000070e300000| Complete 
| 182|0x000000070e400000, 0x000000070e500000, 0x000000070e500000|100%| E|CS|TAMS 0x000000070e400000, 0x000000070e400000| Complete 
| 183|0x000000070e500000, 0x000000070e600000, 0x000000070e600000|100%| E|CS|TAMS 0x000000070e500000, 0x000000070e500000| Complete 
| 184|0x000000070e600000, 0x000000070e700000, 0x000000070e700000|100%| E|CS|TAMS 0x000000070e600000, 0x000000070e600000| Complete 
| 185|0x000000070e700000, 0x000000070e800000, 0x000000070e800000|100%| E|CS|TAMS 0x000000070e700000, 0x000000070e700000| Complete 
| 186|0x000000070e800000, 0x000000070e900000, 0x000000070e900000|100%| E|CS|TAMS 0x000000070e800000, 0x000000070e800000| Complete 
| 187|0x000000070e900000, 0x000000070ea00000, 0x000000070ea00000|100%| E|CS|TAMS 0x000000070e900000, 0x000000070e900000| Complete 
| 188|0x000000070ea00000, 0x000000070eb00000, 0x000000070eb00000|100%| E|CS|TAMS 0x000000070ea00000, 0x000000070ea00000| Complete 
| 189|0x000000070eb00000, 0x000000070ec00000, 0x000000070ec00000|100%| E|CS|TAMS 0x000000070eb00000, 0x000000070eb00000| Complete 
| 190|0x000000070ec00000, 0x000000070ed00000, 0x000000070ed00000|100%| E|CS|TAMS 0x000000070ec00000, 0x000000070ec00000| Complete 
| 191|0x000000070ed00000, 0x000000070ee00000, 0x000000070ee00000|100%| E|CS|TAMS 0x000000070ed00000, 0x000000070ed00000| Complete 
| 192|0x000000070ee00000, 0x000000070ef00000, 0x000000070ef00000|100%| E|CS|TAMS 0x000000070ee00000, 0x000000070ee00000| Complete 
| 193|0x000000070ef00000, 0x000000070f000000, 0x000000070f000000|100%| E|CS|TAMS 0x000000070ef00000, 0x000000070ef00000| Complete 
| 194|0x000000070f000000, 0x000000070f100000, 0x000000070f100000|100%| E|CS|TAMS 0x000000070f000000, 0x000000070f000000| Complete 
| 195|0x000000070f100000, 0x000000070f200000, 0x000000070f200000|100%| E|CS|TAMS 0x000000070f100000, 0x000000070f100000| Complete 
| 196|0x000000070f200000, 0x000000070f300000, 0x000000070f300000|100%| E|CS|TAMS 0x000000070f200000, 0x000000070f200000| Complete 
| 197|0x000000070f300000, 0x000000070f400000, 0x000000070f400000|100%| E|CS|TAMS 0x000000070f300000, 0x000000070f300000| Complete 
| 198|0x000000070f400000, 0x000000070f500000, 0x000000070f500000|100%| E|CS|TAMS 0x000000070f400000, 0x000000070f400000| Complete 
| 199|0x000000070f500000, 0x000000070f600000, 0x000000070f600000|100%| E|CS|TAMS 0x000000070f500000, 0x000000070f500000| Complete 
| 200|0x000000070f600000, 0x000000070f700000, 0x000000070f700000|100%| E|CS|TAMS 0x000000070f600000, 0x000000070f600000| Complete 
| 201|0x000000070f700000, 0x000000070f800000, 0x000000070f800000|100%| E|CS|TAMS 0x000000070f700000, 0x000000070f700000| Complete 
| 202|0x000000070f800000, 0x000000070f900000, 0x000000070f900000|100%| E|CS|TAMS 0x000000070f800000, 0x000000070f800000| Complete 
| 203|0x000000070f900000, 0x000000070fa00000, 0x000000070fa00000|100%| E|CS|TAMS 0x000000070f900000, 0x000000070f900000| Complete 
| 204|0x000000070fa00000, 0x000000070fb00000, 0x000000070fb00000|100%| E|CS|TAMS 0x000000070fa00000, 0x000000070fa00000| Complete 
| 205|0x000000070fb00000, 0x000000070fc00000, 0x000000070fc00000|100%| E|CS|TAMS 0x000000070fb00000, 0x000000070fb00000| Complete 
| 206|0x000000070fc00000, 0x000000070fd00000, 0x000000070fd00000|100%| E|CS|TAMS 0x000000070fc00000, 0x000000070fc00000| Complete 
| 207|0x000000070fd00000, 0x000000070fe00000, 0x000000070fe00000|100%| E|CS|TAMS 0x000000070fd00000, 0x000000070fd00000| Complete 
| 208|0x000000070fe00000, 0x000000070ff00000, 0x000000070ff00000|100%| E|CS|TAMS 0x000000070fe00000, 0x000000070fe00000| Complete 
| 209|0x000000070ff00000, 0x0000000710000000, 0x0000000710000000|100%| E|CS|TAMS 0x000000070ff00000, 0x000000070ff00000| Complete 
| 210|0x0000000710000000, 0x0000000710100000, 0x0000000710100000|100%| E|CS|TAMS 0x0000000710000000, 0x0000000710000000| Complete 
| 211|0x0000000710100000, 0x0000000710200000, 0x0000000710200000|100%| E|CS|TAMS 0x0000000710100000, 0x0000000710100000| Complete 
| 212|0x0000000710200000, 0x0000000710300000, 0x0000000710300000|100%| E|CS|TAMS 0x0000000710200000, 0x0000000710200000| Complete 
| 213|0x0000000710300000, 0x0000000710400000, 0x0000000710400000|100%| E|CS|TAMS 0x0000000710300000, 0x0000000710300000| Complete 
| 214|0x0000000710400000, 0x0000000710500000, 0x0000000710500000|100%| E|CS|TAMS 0x0000000710400000, 0x0000000710400000| Complete 
| 215|0x0000000710500000, 0x0000000710600000, 0x0000000710600000|100%| E|CS|TAMS 0x0000000710500000, 0x0000000710500000| Complete 
| 216|0x0000000710600000, 0x0000000710700000, 0x0000000710700000|100%| E|CS|TAMS 0x0000000710600000, 0x0000000710600000| Complete 
| 217|0x0000000710700000, 0x0000000710800000, 0x0000000710800000|100%| E|CS|TAMS 0x0000000710700000, 0x0000000710700000| Complete 
| 218|0x0000000710800000, 0x0000000710900000, 0x0000000710900000|100%| E|CS|TAMS 0x0000000710800000, 0x0000000710800000| Complete 
| 219|0x0000000710900000, 0x0000000710a00000, 0x0000000710a00000|100%| E|CS|TAMS 0x0000000710900000, 0x0000000710900000| Complete 
| 220|0x0000000710a00000, 0x0000000710b00000, 0x0000000710b00000|100%| E|CS|TAMS 0x0000000710a00000, 0x0000000710a00000| Complete 
| 221|0x0000000710b00000, 0x0000000710c00000, 0x0000000710c00000|100%| E|CS|TAMS 0x0000000710b00000, 0x0000000710b00000| Complete 
| 222|0x0000000710c00000, 0x0000000710d00000, 0x0000000710d00000|100%| E|CS|TAMS 0x0000000710c00000, 0x0000000710c00000| Complete 
| 223|0x0000000710d00000, 0x0000000710e00000, 0x0000000710e00000|100%| E|CS|TAMS 0x0000000710d00000, 0x0000000710d00000| Complete 
| 224|0x0000000710e00000, 0x0000000710f00000, 0x0000000710f00000|100%| E|CS|TAMS 0x0000000710e00000, 0x0000000710e00000| Complete 
| 225|0x0000000710f00000, 0x0000000711000000, 0x0000000711000000|100%| E|CS|TAMS 0x0000000710f00000, 0x0000000710f00000| Complete 
| 226|0x0000000711000000, 0x0000000711100000, 0x0000000711100000|100%| E|CS|TAMS 0x0000000711000000, 0x0000000711000000| Complete 
| 227|0x0000000711100000, 0x0000000711200000, 0x0000000711200000|100%| E|CS|TAMS 0x0000000711100000, 0x0000000711100000| Complete 
| 228|0x0000000711200000, 0x0000000711300000, 0x0000000711300000|100%| E|CS|TAMS 0x0000000711200000, 0x0000000711200000| Complete 
| 229|0x0000000711300000, 0x0000000711400000, 0x0000000711400000|100%| E|CS|TAMS 0x0000000711300000, 0x0000000711300000| Complete 
| 230|0x0000000711400000, 0x0000000711500000, 0x0000000711500000|100%| E|CS|TAMS 0x0000000711400000, 0x0000000711400000| Complete 
| 231|0x0000000711500000, 0x0000000711600000, 0x0000000711600000|100%| E|CS|TAMS 0x0000000711500000, 0x0000000711500000| Complete 
| 232|0x0000000711600000, 0x0000000711700000, 0x0000000711700000|100%| E|CS|TAMS 0x0000000711600000, 0x0000000711600000| Complete 
| 233|0x0000000711700000, 0x0000000711800000, 0x0000000711800000|100%| E|CS|TAMS 0x0000000711700000, 0x0000000711700000| Complete 
| 234|0x0000000711800000, 0x0000000711900000, 0x0000000711900000|100%| E|CS|TAMS 0x0000000711800000, 0x0000000711800000| Complete 
| 235|0x0000000711900000, 0x0000000711a00000, 0x0000000711a00000|100%| E|CS|TAMS 0x0000000711900000, 0x0000000711900000| Complete 
| 236|0x0000000711a00000, 0x0000000711b00000, 0x0000000711b00000|100%| E|CS|TAMS 0x0000000711a00000, 0x0000000711a00000| Complete 
| 237|0x0000000711b00000, 0x0000000711c00000, 0x0000000711c00000|100%| E|CS|TAMS 0x0000000711b00000, 0x0000000711b00000| Complete 
| 238|0x0000000711c00000, 0x0000000711d00000, 0x0000000711d00000|100%| E|CS|TAMS 0x0000000711c00000, 0x0000000711c00000| Complete 
| 239|0x0000000711d00000, 0x0000000711e00000, 0x0000000711e00000|100%| E|CS|TAMS 0x0000000711d00000, 0x0000000711d00000| Complete 
| 240|0x0000000711e00000, 0x0000000711f00000, 0x0000000711f00000|100%| E|CS|TAMS 0x0000000711e00000, 0x0000000711e00000| Complete 
| 241|0x0000000711f00000, 0x0000000712000000, 0x0000000712000000|100%| E|CS|TAMS 0x0000000711f00000, 0x0000000711f00000| Complete 
| 242|0x0000000712000000, 0x0000000712100000, 0x0000000712100000|100%| E|CS|TAMS 0x0000000712000000, 0x0000000712000000| Complete 
| 243|0x0000000712100000, 0x0000000712200000, 0x0000000712200000|100%| E|CS|TAMS 0x0000000712100000, 0x0000000712100000| Complete 
| 244|0x0000000712200000, 0x0000000712300000, 0x0000000712300000|100%| E|CS|TAMS 0x0000000712200000, 0x0000000712200000| Complete 
| 245|0x0000000712300000, 0x0000000712400000, 0x0000000712400000|100%| E|CS|TAMS 0x0000000712300000, 0x0000000712300000| Complete 
| 246|0x0000000712400000, 0x0000000712500000, 0x0000000712500000|100%| E|CS|TAMS 0x0000000712400000, 0x0000000712400000| Complete 
| 247|0x0000000712500000, 0x0000000712600000, 0x0000000712600000|100%| E|CS|TAMS 0x0000000712500000, 0x0000000712500000| Complete 
| 248|0x0000000712600000, 0x0000000712700000, 0x0000000712700000|100%| E|CS|TAMS 0x0000000712600000, 0x0000000712600000| Complete 
| 249|0x0000000712700000, 0x0000000712800000, 0x0000000712800000|100%| E|CS|TAMS 0x0000000712700000, 0x0000000712700000| Complete 
| 250|0x0000000712800000, 0x0000000712900000, 0x0000000712900000|100%| E|CS|TAMS 0x0000000712800000, 0x0000000712800000| Complete 
| 251|0x0000000712900000, 0x0000000712a00000, 0x0000000712a00000|100%| E|CS|TAMS 0x0000000712900000, 0x0000000712900000| Complete 
| 252|0x0000000712a00000, 0x0000000712b00000, 0x0000000712b00000|100%| E|CS|TAMS 0x0000000712a00000, 0x0000000712a00000| Complete 
| 253|0x0000000712b00000, 0x0000000712c00000, 0x0000000712c00000|100%| E|CS|TAMS 0x0000000712b00000, 0x0000000712b00000| Complete 

Card table byte_map: [0x00000220faf60000,0x00000220fb750000] _byte_map_base: 0x00000220f7749000

Marking Bits (Prev, Next): (CMBitMap*) 0x00000220f8497770, (CMBitMap*) 0x00000220f8497738
 Prev Bits: [0x00000220972b0000, 0x000002209b1f8000)
 Next Bits: [0x00000220fbf40000, 0x00000220ffe88000)

Polling page: 0x00000220f82a0000

Metaspace:

Usage:
  Non-class:     56.19 MB capacity,    55.13 MB ( 98%) used,   870.59 KB (  2%) free+waste,   216.13 KB ( <1%) overhead. 
      Class:      8.82 MB capacity,     8.12 MB ( 92%) used,   615.01 KB (  7%) free+waste,   103.75 KB (  1%) overhead. 
       Both:     65.01 MB capacity,    63.25 MB ( 97%) used,     1.45 MB (  2%) free+waste,   319.88 KB ( <1%) overhead. 

Virtual space:
  Non-class space:       58.00 MB reserved,      56.43 MB ( 97%) committed 
      Class space:        1.00 GB reserved,       8.82 MB ( <1%) committed 
             Both:        1.06 GB reserved,      65.25 MB (  6%) committed 

Chunk freelists:
   Non-Class:  6.13 KB
       Class:  0 bytes
        Both:  6.13 KB

CodeHeap 'non-profiled nmethods': size=238336Kb used=13756Kb max_used=13756Kb free=224579Kb
 bounds [0x00000220889f0000, 0x0000022089760000, 0x00000220972b0000]
CodeHeap 'non-nmethods': size=7424Kb used=1277Kb max_used=1277Kb free=6146Kb
 bounds [0x00000220882b0000, 0x0000022088520000, 0x00000220889f0000]
 total_blobs=8580 nmethods=7898 adapters=575
 compilation: enabled
              stopped_count=0, restarted_count=0
 full_count=0

Compilation events (10 events):
Event: 16.773 Thread 0x000002209e56b800 nmethod 7907 0x000002208975ba90 code [0x000002208975bd00, 0x000002208975c470]
Event: 16.773 Thread 0x000002209e56b800 7908       1       com.taskApp.springboot.backend.apirest.models.services.TaskServiceImpl$$EnhancerBySpringCGLIB$$ecfcf895::findAll (45 bytes)
Event: 16.774 Thread 0x000002209e56b800 nmethod 7908 0x000002208975c910 code [0x000002208975cb00, 0x000002208975cdb0]
Event: 16.774 Thread 0x000002209e56b800 7909   !   1       org.springframework.aop.framework.CglibAopProxy$DynamicAdvisedInterceptor::intercept (231 bytes)
Event: 16.775 Thread 0x000002209e56b800 nmethod 7909 0x000002208975ce90 code [0x000002208975d140, 0x000002208975dcd0]
Event: 16.775 Thread 0x000002209e56b800 7910       1       org.springframework.aop.framework.CglibAopProxy$CglibMethodInvocation::<init> (64 bytes)
Event: 16.775 Thread 0x000002209e56b800 nmethod 7910 0x000002208975e590 code [0x000002208975e780, 0x000002208975eb00]
Event: 16.775 Thread 0x000002209e56b800 7911       1       org.springframework.aop.support.AopUtils::isToStringMethod (5 bytes)
Event: 16.776 Thread 0x000002209e56b800 nmethod 7911 0x000002208975ed90 code [0x000002208975ef40, 0x000002208975f0d0]
Event: 16.776 Thread 0x000002209e56b800 7912   !   1       org.springframework.orm.jpa.JpaTransactionManager::doBegin (425 bytes)

GC Heap History (10 events):
Event: 2.069 GC heap before
{Heap before GC invocations=3 (full 0):
 garbage-first heap   total 260096K, used 13110K [0x0000000702e00000, 0x0000000800000000)
  region size 1024K, 7 young (7168K), 2 survivors (2048K)
 Metaspace       used 20472K, capacity 21087K, committed 21248K, reserved 1067008K
  class space    used 2470K, capacity 2710K, committed 2816K, reserved 1048576K
}
Event: 2.072 GC heap after
{Heap after GC invocations=4 (full 0):
 garbage-first heap   total 260096K, used 9218K [0x0000000702e00000, 0x0000000800000000)
  region size 1024K, 2 young (2048K), 2 survivors (2048K)
 Metaspace       used 20472K, capacity 21087K, committed 21248K, reserved 1067008K
  class space    used 2470K, capacity 2710K, committed 2816K, reserved 1048576K
}
Event: 2.956 GC heap before
{Heap before GC invocations=5 (full 0):
 garbage-first heap   total 260096K, used 109570K [0x0000000702e00000, 0x0000000800000000)
  region size 1024K, 101 young (103424K), 2 survivors (2048K)
 Metaspace       used 27547K, capacity 28481K, committed 28672K, reserved 1075200K
  class space    used 3387K, capacity 3775K, committed 3840K, reserved 1048576K
}
Event: 2.960 GC heap after
{Heap after GC invocations=6 (full 0):
 garbage-first heap   total 260096K, used 11513K [0x0000000702e00000, 0x0000000800000000)
  region size 1024K, 5 young (5120K), 5 survivors (5120K)
 Metaspace       used 27547K, capacity 28481K, committed 28672K, reserved 1075200K
  class space    used 3387K, capacity 3775K, committed 3840K, reserved 1048576K
}
Event: 4.384 GC heap before
{Heap before GC invocations=6 (full 0):
 garbage-first heap   total 260096K, used 137465K [0x0000000702e00000, 0x0000000800000000)
  region size 1024K, 129 young (132096K), 5 survivors (5120K)
 Metaspace       used 34504K, capacity 35743K, committed 35840K, reserved 1081344K
  class space    used 4338K, capacity 4841K, committed 4864K, reserved 1048576K
}
Event: 4.391 GC heap after
{Heap after GC invocations=7 (full 0):
 garbage-first heap   total 260096K, used 15088K [0x0000000702e00000, 0x0000000800000000)
  region size 1024K, 8 young (8192K), 8 survivors (8192K)
 Metaspace       used 34504K, capacity 35743K, committed 35840K, reserved 1081344K
  class space    used 4338K, capacity 4841K, committed 4864K, reserved 1048576K
}
Event: 4.455 GC heap before
{Heap before GC invocations=7 (full 0):
 garbage-first heap   total 260096K, used 28400K [0x0000000702e00000, 0x0000000800000000)
  region size 1024K, 23 young (23552K), 8 survivors (8192K)
 Metaspace       used 34610K, capacity 35807K, committed 35840K, reserved 1081344K
  class space    used 4346K, capacity 4841K, committed 4864K, reserved 1048576K
}
Event: 4.463 GC heap after
{Heap after GC invocations=8 (full 0):
 garbage-first heap   total 260096K, used 15367K [0x0000000702e00000, 0x0000000800000000)
  region size 1024K, 8 young (8192K), 8 survivors (8192K)
 Metaspace       used 34610K, capacity 35807K, committed 35840K, reserved 1081344K
  class space    used 4346K, capacity 4841K, committed 4864K, reserved 1048576K
}
Event: 7.758 GC heap before
{Heap before GC invocations=9 (full 0):
 garbage-first heap   total 260096K, used 150535K [0x0000000702e00000, 0x0000000800000000)
  region size 1024K, 141 young (144384K), 8 survivors (8192K)
 Metaspace       used 58500K, capacity 60144K, committed 60288K, reserved 1101824K
  class space    used 7677K, capacity 8359K, committed 8396K, reserved 1048576K
}
Event: 7.776 GC heap after
{Heap after GC invocations=10 (full 0):
 garbage-first heap   total 260096K, used 24283K [0x0000000702e00000, 0x0000000800000000)
  region size 1024K, 17 young (17408K), 17 survivors (17408K)
 Metaspace       used 58500K, capacity 60144K, committed 60288K, reserved 1101824K
  class space    used 7677K, capacity 8359K, committed 8396K, reserved 1048576K
}

Deoptimization events (0 events):
No events

Classes redefined (0 events):
No events

Internal exceptions (10 events):
Event: 16.615 Thread 0x000002209ee04000 Exception <a 'java/lang/ClassNotFoundException'{0x000000070aba6d90}: org/springframework/context/support/LiveBeansView> (0x000000070aba6d90) thrown at [t:/workspace/open/src/hotspot/share/classfile/systemDictionary.cpp, line 231]
Event: 16.615 Thread 0x000002209ee04000 Exception <a 'java/lang/ClassNotFoundException'{0x000000070aba7150}: org/springframework/context/support/LiveBeansView> (0x000000070aba7150) thrown at [t:/workspace/open/src/hotspot/share/classfile/systemDictionary.cpp, line 231]
Event: 16.615 Thread 0x000002209ee04000 Exception <a 'java/lang/ClassNotFoundException'{0x000000070aba7510}: org/springframework/context/support/LiveBeansView> (0x000000070aba7510) thrown at [t:/workspace/open/src/hotspot/share/classfile/systemDictionary.cpp, line 231]
Event: 16.615 Thread 0x000002209ee04000 Exception <a 'java/lang/ClassNotFoundException'{0x000000070aba78b0}: org/springframework/context/support/LiveBeansView> (0x000000070aba78b0) thrown at [t:/workspace/open/src/hotspot/share/classfile/systemDictionary.cpp, line 231]
Event: 16.615 Thread 0x000002209ee04000 Exception <a 'java/lang/ClassNotFoundException'{0x000000070aba7c68}: org/springframework/context/support/LiveBeansView> (0x000000070aba7c68) thrown at [t:/workspace/open/src/hotspot/share/classfile/systemDictionary.cpp, line 231]
Event: 16.615 Thread 0x000002209ee04000 Exception <a 'java/lang/ClassNotFoundException'{0x000000070aba8010}: org/springframework/context/support/LiveBeansView> (0x000000070aba8010) thrown at [t:/workspace/open/src/hotspot/share/classfile/systemDictionary.cpp, line 231]
Event: 16.618 Thread 0x000002209ee04000 Exception <a 'java/lang/ClassNotFoundException'{0x000000070abdf990}: org/springframework/context/support/LiveBeansView> (0x000000070abdf990) thrown at [t:/workspace/open/src/hotspot/share/classfile/systemDictionary.cpp, line 231]
Event: 16.618 Thread 0x000002209ee04000 Exception <a 'java/lang/ClassNotFoundException'{0x000000070abdfde8}: org/springframework/context/support/LiveBeansView> (0x000000070abdfde8) thrown at [t:/workspace/open/src/hotspot/share/classfile/systemDictionary.cpp, line 231]
Event: 16.618 Thread 0x000002209ee04000 Exception <a 'java/lang/ClassNotFoundException'{0x000000070abe0198}: org/springframework/context/support/LiveBeansView> (0x000000070abe0198) thrown at [t:/workspace/open/src/hotspot/share/classfile/systemDictionary.cpp, line 231]
Event: 16.618 Thread 0x000002209ee04000 Exception <a 'java/lang/ClassNotFoundException'{0x000000070abe0548}: org/springframework/context/support/LiveBeansView> (0x000000070abe0548) thrown at [t:/workspace/open/src/hotspot/share/classfile/systemDictionary.cpp, line 231]

Events (10 events):
Event: 16.615 loading class org/springframework/context/support/LiveBeansView
Event: 16.615 loading class org/springframework/context/support/LiveBeansView done
Event: 16.618 loading class org/springframework/context/support/LiveBeansView
Event: 16.618 loading class org/springframework/context/support/LiveBeansView done
Event: 16.618 loading class org/springframework/context/support/LiveBeansView
Event: 16.618 loading class org/springframework/context/support/LiveBeansView done
Event: 16.618 loading class org/springframework/context/support/LiveBeansView
Event: 16.618 loading class org/springframework/context/support/LiveBeansView done
Event: 16.618 loading class org/springframework/context/support/LiveBeansView
Event: 16.618 loading class org/springframework/context/support/LiveBeansView done


Dynamic libraries:
0x00007ff7769f0000 - 0x00007ff776a37000 	C:\Program Files\Java\jdk-11.0.6\bin\javaw.exe
0x00007ff886bc0000 - 0x00007ff886db0000 	C:\Windows\SYSTEM32\ntdll.dll
0x00007ff8851e0000 - 0x00007ff885292000 	C:\Windows\System32\KERNEL32.DLL
0x00007ff884550000 - 0x00007ff8847f3000 	C:\Windows\System32\KERNELBASE.dll
0x00007ff885360000 - 0x00007ff885403000 	C:\Windows\System32\ADVAPI32.dll
0x00007ff8852c0000 - 0x00007ff88535e000 	C:\Windows\System32\msvcrt.dll
0x00007ff886790000 - 0x00007ff886827000 	C:\Windows\System32\sechost.dll
0x00007ff885740000 - 0x00007ff885860000 	C:\Windows\System32\RPCRT4.dll
0x00007ff8854d0000 - 0x00007ff885664000 	C:\Windows\System32\USER32.dll
0x00007ff884af0000 - 0x00007ff884b11000 	C:\Windows\System32\win32u.dll
0x00007ff8856b0000 - 0x00007ff8856d6000 	C:\Windows\System32\GDI32.dll
0x00007ff884950000 - 0x00007ff884ae4000 	C:\Windows\System32\gdi32full.dll
0x00007ff884800000 - 0x00007ff88489e000 	C:\Windows\System32\msvcp_win.dll
0x00007ff884450000 - 0x00007ff88454a000 	C:\Windows\System32\ucrtbase.dll
0x00007ff882ef0000 - 0x00007ff883175000 	C:\Windows\WinSxS\amd64_microsoft.windows.common-controls_6595b64144ccf1df_6.0.18362.657_none_e6c5b579130e3898\COMCTL32.dll
0x00007ff886830000 - 0x00007ff886b66000 	C:\Windows\System32\combase.dll
0x00007ff883bd0000 - 0x00007ff883c50000 	C:\Windows\System32\bcryptPrimitives.dll
0x00007ff8817d0000 - 0x00007ff8817da000 	C:\Windows\SYSTEM32\VERSION.dll
0x00007ff885670000 - 0x00007ff88569e000 	C:\Windows\System32\IMM32.DLL
0x00007ff86d5d0000 - 0x00007ff86d5e6000 	C:\Program Files\Java\jdk-11.0.6\bin\vcruntime140.dll
0x00007ff85bbe0000 - 0x00007ff85bc8a000 	C:\Program Files\Java\jdk-11.0.6\bin\msvcp140.dll
0x00007ff824580000 - 0x00007ff8250a9000 	C:\Program Files\Java\jdk-11.0.6\bin\server\jvm.dll
0x00007ff885410000 - 0x00007ff885418000 	C:\Windows\System32\PSAPI.DLL
0x00007ff8808f0000 - 0x00007ff880914000 	C:\Windows\SYSTEM32\WINMM.dll
0x00007ff881c70000 - 0x00007ff881c79000 	C:\Windows\SYSTEM32\WSOCK32.dll
0x00007ff885bc0000 - 0x00007ff885c2f000 	C:\Windows\System32\WS2_32.dll
0x00007ff880830000 - 0x00007ff88085d000 	C:\Windows\SYSTEM32\winmmbase.dll
0x00007ff883b80000 - 0x00007ff883bca000 	C:\Windows\System32\cfgmgr32.dll
0x00007ff883b10000 - 0x00007ff883b21000 	C:\Windows\System32\kernel.appcore.dll
0x00007ff881c10000 - 0x00007ff881c21000 	C:\Program Files\Java\jdk-11.0.6\bin\verify.dll
0x00007ff8834f0000 - 0x00007ff8836e4000 	C:\Windows\SYSTEM32\DBGHELP.DLL
0x00007ff8834c0000 - 0x00007ff8834ea000 	C:\Windows\SYSTEM32\dbgcore.DLL
0x00007ff881b30000 - 0x00007ff881b59000 	C:\Program Files\Java\jdk-11.0.6\bin\java.dll
0x00007ff881bf0000 - 0x00007ff881c06000 	C:\Program Files\Java\jdk-11.0.6\bin\zip.dll
0x00007ff882030000 - 0x00007ff88203a000 	C:\Program Files\Java\jdk-11.0.6\bin\jimage.dll
0x00007ff8860a0000 - 0x00007ff886785000 	C:\Windows\System32\SHELL32.dll
0x00007ff885420000 - 0x00007ff8854c9000 	C:\Windows\System32\shcore.dll
0x00007ff883c70000 - 0x00007ff8843ef000 	C:\Windows\System32\windows.storage.dll
0x00007ff883af0000 - 0x00007ff883b0f000 	C:\Windows\System32\profapi.dll
0x00007ff883aa0000 - 0x00007ff883aea000 	C:\Windows\System32\powrprof.dll
0x00007ff883a90000 - 0x00007ff883aa0000 	C:\Windows\System32\UMPDC.dll
0x00007ff885a90000 - 0x00007ff885ae2000 	C:\Windows\System32\shlwapi.dll
0x00007ff883c50000 - 0x00007ff883c67000 	C:\Windows\System32\cryptsp.dll
0x00007ff87ca20000 - 0x00007ff87ca39000 	C:\Program Files\Java\jdk-11.0.6\bin\net.dll
0x00007ff87e260000 - 0x00007ff87e350000 	C:\Windows\SYSTEM32\WINHTTP.dll
0x00007ff882c20000 - 0x00007ff882c87000 	C:\Windows\system32\mswsock.dll
0x00007ff86ecb0000 - 0x00007ff86ecc3000 	C:\Program Files\Java\jdk-11.0.6\bin\nio.dll
0x00007ff86d760000 - 0x00007ff86d769000 	C:\Program Files\Java\jdk-11.0.6\bin\management.dll
0x00007ff86d720000 - 0x00007ff86d72c000 	C:\Program Files\Java\jdk-11.0.6\bin\management_ext.dll
0x00007ff8583a0000 - 0x00007ff8583b6000 	C:\Windows\system32\napinsp.dll
0x00007ff8583c0000 - 0x00007ff8583da000 	C:\Windows\system32\pnrpnsp.dll
0x00007ff882970000 - 0x00007ff882a3a000 	C:\Windows\SYSTEM32\DNSAPI.dll
0x00007ff886b70000 - 0x00007ff886b78000 	C:\Windows\System32\NSI.dll
0x00007ff882930000 - 0x00007ff88296a000 	C:\Windows\SYSTEM32\IPHLPAPI.DLL
0x00007ff8583e0000 - 0x00007ff8583ee000 	C:\Windows\System32\winrnr.dll
0x00007ff87fcc0000 - 0x00007ff87fcdc000 	C:\Windows\system32\NLAapi.dll
0x00007ff87e580000 - 0x00007ff87e595000 	C:\Windows\system32\wshbth.dll
0x00007ff87ba50000 - 0x00007ff87ba5a000 	C:\Windows\System32\rasadhlp.dll
0x00007ff87db80000 - 0x00007ff87dbf7000 	C:\Windows\System32\fwpuclnt.dll
0x00007ff883b50000 - 0x00007ff883b76000 	C:\Windows\System32\bcrypt.dll
0x00007ff882790000 - 0x00007ff8827c3000 	C:\Windows\system32\rsaenh.dll
0x00007ff883980000 - 0x00007ff8839a5000 	C:\Windows\SYSTEM32\USERENV.dll
0x00007ff883180000 - 0x00007ff88318c000 	C:\Windows\SYSTEM32\CRYPTBASE.dll
0x00007ff87e000000 - 0x00007ff87e016000 	C:\Windows\SYSTEM32\dhcpcsvc6.DLL
0x00007ff87dfe0000 - 0x00007ff87dffc000 	C:\Windows\SYSTEM32\dhcpcsvc.DLL
0x00007ff881c60000 - 0x00007ff881c6d000 	C:\Program Files\Java\jdk-11.0.6\bin\sunmscapi.dll
0x00007ff884b20000 - 0x00007ff884c69000 	C:\Windows\System32\CRYPT32.dll
0x00007ff883b30000 - 0x00007ff883b42000 	C:\Windows\System32\MSASN1.dll
0x00007ff883200000 - 0x00007ff883226000 	C:\Windows\SYSTEM32\ncrypt.dll
0x00007ff8831c0000 - 0x00007ff8831fb000 	C:\Windows\SYSTEM32\NTASN1.dll
0x00007ff86e990000 - 0x00007ff86e9b7000 	C:\Program Files\Java\jdk-11.0.6\bin\sunec.dll

dbghelp: loaded successfully - version: 4.0.5 - missing functions: none
symbol engine: initialized successfully - sym options: 0x614 - pdb path: .;C:\Program Files\Java\jdk-11.0.6\bin;C:\Windows\SYSTEM32;C:\Windows\WinSxS\amd64_microsoft.windows.common-controls_6595b64144ccf1df_6.0.18362.657_none_e6c5b579130e3898;C:\Program Files\Java\jdk-11.0.6\bin\server

VM Arguments:
jvm_args: -Dcom.sun.management.jmxremote -Dcom.sun.management.jmxremote.port=65263 -Dcom.sun.management.jmxremote.authenticate=false -Dcom.sun.management.jmxremote.ssl=false -Djava.rmi.server.hostname=localhost -Dspring.jmx.enabled=true -Dspring.application.admin.enabled=true -Xverify:none -XX:TieredStopAtLevel=1 -Dspring.boot.project.name=spring-boot-backend-apirest -Dfile.encoding=UTF-8 
java_command: com.taskApp.springboot.backend.apirest.SpringBootBackendApirestApplication
java_class_path (initial): C:\Users\rjacinto\Documents\training\java\eclipse-workspace\spring-boot-backend-apirest\target\classes;C:\Users\rjacinto\.m2\repository\org\springframework\boot\spring-boot-starter-data-jpa\2.2.4.RELEASE\spring-boot-starter-data-jpa-2.2.4.RELEASE.jar;C:\Users\rjacinto\.m2\repository\org\springframework\boot\spring-boot-starter-aop\2.2.4.RELEASE\spring-boot-starter-aop-2.2.4.RELEASE.jar;C:\Users\rjacinto\.m2\repository\org\springframework\spring-aop\5.2.3.RELEASE\spring-aop-5.2.3.RELEASE.jar;C:\Users\rjacinto\.m2\repository\org\aspectj\aspectjweaver\1.9.5\aspectjweaver-1.9.5.jar;C:\Users\rjacinto\.m2\repository\jakarta\activation\jakarta.activation-api\1.2.1\jakarta.activation-api-1.2.1.jar;C:\Users\rjacinto\.m2\repository\jakarta\persistence\jakarta.persistence-api\2.2.3\jakarta.persistence-api-2.2.3.jar;C:\Users\rjacinto\.m2\repository\jakarta\transaction\jakarta.transaction-api\1.3.3\jakarta.transaction-api-1.3.3.jar;C:\Users\rjacinto\.m2\repository\org\hibernate\hibernate-core\5.4.10.Final\hibernate-core-5.4.10.Final.jar;C:\Users\rjacinto\.m2\repository\org\jboss\logging\jboss-logging\3.4.1.Final\jboss-logging-3.4.1.Final.jar;C:\Users\rjacinto\.m2\repository\org\javassist\javassist\3.24.0-GA\javassist-3.24.0-GA.jar;C:\Users\rjacinto\.m2\repository\net\bytebuddy\byte-buddy\1.10.6\byte-buddy-1.10.6.jar;C:\Users\rjacinto\.m2\repository\antlr\antlr\2.7.7\antlr-2.7.7.jar;C:\Users\rjacinto\.m2\repository\org\jboss\jandex\2.1.1.Final\jandex-2.1.1.Final.jar;C:\Users\rjacinto\.m2\repository\com\fasterxml\classmate\1.5.1\classmate-1.5.1.jar;C:\Users\rjacinto\.m2\repository\org\dom4j\dom4j\2.1.1\dom4j-2.1.1.jar;C:\Users\rjacinto\.m2\repository\org\hibernate\common\hibernate-commons-annotations\5.1.0.Final\hibernate-commons-annotations-5.1.0.Final.jar;C:\Users\rjacinto\.m2\repository\org\glassfish\jaxb\jaxb-runtime\2.3.2\jaxb-runtime-2.3.2.jar;C:\Users\rjacinto\.m2\repository\org\glassfish\jaxb\txw2\2.3.2\txw2-2.3.2.jar;C:\Users\rjacinto\.m2\repo
Launcher Type: SUN_STANDARD

[Global flags]
     bool BytecodeVerificationLocal                = false                                     {product} {command line}
     bool BytecodeVerificationRemote               = false                                     {product} {command line}
     intx CICompilerCount                          = 4                                         {product} {ergonomic}
     uint ConcGCThreads                            = 2                                         {product} {ergonomic}
     uint G1ConcRefinementThreads                  = 8                                         {product} {ergonomic}
   size_t G1HeapRegionSize                         = 1048576                                   {product} {ergonomic}
    uintx GCDrainStackTargetSize                   = 64                                        {product} {ergonomic}
   size_t InitialHeapSize                          = 266338304                                 {product} {ergonomic}
     bool ManagementServer                         = true                                      {product} {command line}
   size_t MarkStackSize                            = 4194304                                   {product} {ergonomic}
   size_t MaxHeapSize                              = 4246732800                                {product} {ergonomic}
   size_t MaxNewSize                               = 2548039680                                {product} {ergonomic}
   size_t MinHeapDeltaBytes                        = 1048576                                   {product} {ergonomic}
    uintx NonNMethodCodeHeapSize                   = 7549744                                {pd product} {ergonomic}
    uintx NonProfiledCodeHeapSize                  = 244108496                              {pd product} {ergonomic}
    uintx ProfiledCodeHeapSize                     = 0                                      {pd product} {ergonomic}
    uintx ReservedCodeCacheSize                    = 251658240                              {pd product} {ergonomic}
     bool SegmentedCodeCache                       = true                                      {product} {ergonomic}
     intx TieredStopAtLevel                        = 1                                         {product} {command line}
     bool UseCompressedClassPointers               = true                                 {lp64_product} {ergonomic}
     bool UseCompressedOops                        = true                                 {lp64_product} {ergonomic}
     bool UseG1GC                                  = true                                      {product} {ergonomic}
     bool UseLargePagesIndividualAllocation        = false                                  {pd product} {ergonomic}

Logging:
Log output configuration:
 #0: stdout all=warning uptime,level,tags
 #1: stderr all=off uptime,level,tags

Environment Variables:
PATH=C:/Program Files/Java/jdk-11.0.6/bin/server;C:/Program Files/Java/jdk-11.0.6/bin;C:\Windows\system32;C:\Windows;C:\Windows\System32\Wbem;C:\Windows\System32\WindowsPowerShell\v1.0\;C:\Windows\System32\OpenSSH\;C:\Program Files\Intel\WiFi\bin\;C:\Program Files\Common Files\Intel\WirelessCommon\;C:\Program Files\Git\cmd;C:\Program Files\Microsoft VS Code\bin;C:\Program Files\nodejs\;C:\Program Files\MySQL\MySQL Server 8.0\bin\;C:\Users\rjacinto\AppData\Local\Microsoft\WindowsApps;C:\Users\rjacinto\AppData\Roaming\npm;C:\Program Files (x86)\Sophos\Sophos SSL VPN Client\bin;C:\Program Files\Java\jdk-11.0.6\bin;;C:\Users\rjacinto\Documents\training\java\eclipse-jee-2019-12-R-win32-x86_64\eclipse;
USERNAME=rjacinto
OS=Windows_NT
PROCESSOR_IDENTIFIER=Intel64 Family 6 Model 142 Stepping 12, GenuineIntel



---------------  S Y S T E M  ---------------

OS: Windows 10 , 64 bit Build 18362 (10.0.18362.329)

CPU:total 8 (initial active 8) (4 cores per cpu, 2 threads per core) family 6 model 142 stepping 12, cmov, cx8, fxsr, mmx, sse, sse2, sse3, ssse3, sse4.1, sse4.2, popcnt, avx, avx2, aes, clmul, erms, rtm, 3dnowpref, lzcnt, ht, tsc, tscinvbit, bmi1, bmi2, adx, fma

Memory: 4k page, system-wide physical 16194M (325M free)
TotalPageFile size 65346M (AvailPageFile size 0M)
current process WorkingSet (physical memory assigned to process): 308M, peak: 312M
current process commit charge ("private bytes"): 441M, peak: 445M

vm_info: Java HotSpot(TM) 64-Bit Server VM (11.0.6+8-LTS) for windows-amd64 JRE (11.0.6+8-LTS), built on Dec 11 2019 09:17:57 by "mach5one" with MS VC++ 15.5 (VS2017)

END.
